[debug] [2024-06-06T10:40:56.783Z] ----------------------------------------------------------------------
[debug] [2024-06-06T10:40:56.785Z] Command:       C:\Program Files\nodejs\node.exe C:\Users\USER PC\AppData\Roaming\npm\node_modules\firebase-tools\lib\bin\firebase.js init
[debug] [2024-06-06T10:40:56.785Z] CLI Version:   13.11.0
[debug] [2024-06-06T10:40:56.785Z] Platform:      win32
[debug] [2024-06-06T10:40:56.785Z] Node Version:  v20.12.2
[debug] [2024-06-06T10:40:56.786Z] Time:          Thu Jun 06 2024 12:40:56 GMT+0200 (South Africa Standard Time)
[debug] [2024-06-06T10:40:56.786Z] ----------------------------------------------------------------------
[debug] 
[debug] [2024-06-06T10:40:56.787Z] >>> [apiv2][query] GET https://firebase-public.firebaseio.com/cli.json [none]
[debug] [2024-06-06T10:40:56.818Z] > command requires scopes: ["email","openid","https://www.googleapis.com/auth/cloudplatformprojects.readonly","https://www.googleapis.com/auth/firebase","https://www.googleapis.com/auth/cloud-platform"]
[debug] [2024-06-06T10:40:56.819Z] > authorizing via signed-in user (jnevin7@gmail.com)
[info] 
     ######## #### ########  ######## ########     ###     ######  ########
     ##        ##  ##     ## ##       ##     ##  ##   ##  ##       ##
     ######    ##  ########  ######   ########  #########  ######  ######
     ##        ##  ##    ##  ##       ##     ## ##     ##       ## ##
     ##       #### ##     ## ######## ########  ##     ##  ######  ########

You're about to initialize a Firebase project in this directory:

  C:\Users\USER PC\Documents\Coding\React\Tutorials\Tutorial 7\expense_tracker

[debug] [2024-06-06T10:40:57.545Z] <<< [apiv2][status] GET https://firebase-public.firebaseio.com/cli.json 200
[debug] [2024-06-06T10:40:57.546Z] <<< [apiv2][body] GET https://firebase-public.firebaseio.com/cli.json {"cloudBuildErrorAfter":1594252800000,"cloudBuildWarnAfter":1590019200000,"defaultNode10After":1594252800000,"minVersion":"3.0.5","node8DeploysDisabledAfter":1613390400000,"node8RuntimeDisabledAfter":1615809600000,"node8WarnAfter":1600128000000}
